2019-08-15 18:15:06.949 febs [restartedMain] INFO  com.example.demo.Application - Starting Application on DESKTOP-QI7O777 with PID 19192 (E:\work\springBoot\springBoot_shiro\target\classes started by wz in E:\work\springBoot\springBoot_shiro)
2019-08-15 18:15:06.950 febs [restartedMain] INFO  com.example.demo.Application - No active profile set, falling back to default profiles: default
2019-08-15 18:15:07.013 febs [restartedMain] INFO  o.s.b.w.s.c.AnnotationConfigServletWebServerApplicationContext - Refreshing org.springframework.boot.web.servlet.context.AnnotationConfigServletWebServerApplicationContext@7e95069f: startup date [Thu Aug 15 18:15:07 CST 2019]; root of context hierarchy
2019-08-15 18:15:07.932 febs [restartedMain] INFO  o.s.c.s.PostProcessorRegistrationDelegate$BeanPostProcessorChecker - Bean 'shiroConfig' of type [com.example.demo.config.ShiroConfig$$EnhancerBySpringCGLIB$$3a76e9b1] is not eligible for getting processed by all BeanPostProcessors (for example: not eligible for auto-proxying)
2019-08-15 18:15:09.381 febs [restartedMain] INFO  o.s.c.s.PostProcessorRegistrationDelegate$BeanPostProcessorChecker - Bean 'userServiceImpl' of type [com.example.demo.service.impl.UserServiceImpl] is not eligible for getting processed by all BeanPostProcessors (for example: not eligible for auto-proxying)
2019-08-15 18:15:09.382 febs [restartedMain] INFO  o.s.c.s.PostProcessorRegistrationDelegate$BeanPostProcessorChecker - Bean 'userRealm' of type [com.example.demo.security.UserRealm] is not eligible for getting processed by all BeanPostProcessors (for example: not eligible for auto-proxying)
2019-08-15 18:15:09.395 febs [restartedMain] INFO  o.s.c.s.PostProcessorRegistrationDelegate$BeanPostProcessorChecker - Bean 'securityManager' of type [org.apache.shiro.web.mgt.DefaultWebSecurityManager] is not eligible for getting processed by all BeanPostProcessors (for example: not eligible for auto-proxying)
2019-08-15 18:15:09.436 febs [restartedMain] INFO  o.s.c.s.PostProcessorRegistrationDelegate$BeanPostProcessorChecker - Bean 'authorizationAttributeSourceAdvisor' of type [org.apache.shiro.spring.security.interceptor.AuthorizationAttributeSourceAdvisor] is not eligible for getting processed by all BeanPostProcessors (for example: not eligible for auto-proxying)
2019-08-15 18:15:09.826 febs [restartedMain] INFO  o.s.b.w.e.tomcat.TomcatWebServer - Tomcat initialized with port(s): 8081 (http)
2019-08-15 18:15:09.837 febs [restartedMain] INFO  o.a.coyote.http11.Http11NioProtocol - Initializing ProtocolHandler ["http-nio-8081"]
2019-08-15 18:15:09.847 febs [restartedMain] INFO  o.a.catalina.core.StandardService - Starting service [Tomcat]
2019-08-15 18:15:09.848 febs [restartedMain] INFO  o.a.catalina.core.StandardEngine - Starting Servlet Engine: Apache Tomcat/8.5.29
2019-08-15 18:15:09.857 febs [localhost-startStop-1] INFO  o.a.c.core.AprLifecycleListener - The APR based Apache Tomcat Native library which allows optimal performance in production environments was not found on the java.library.path: [E:\tool\JDK\Java8\jdk\bin;C:\WINDOWS\Sun\Java\bin;C:\WINDOWS\system32;C:\WINDOWS;D:\Program Files (x86)\NetSarang\Xftp 6\;D:\Program Files (x86)\NetSarang\Xshell 6\;E:\app\oracle\product\12.2.0\dbhome_1\bin;C:\Program Files\Java8\jdk\bin;C:\WINDOWS\system32;C:\WINDOWS;C:\WINDOWS\System32\Wbem;C:\WINDOWS\System32\WindowsPowerShell\v1.0\;C:\Program Files\Microsoft SQL Server\130\Tools\Binn\;C:\Program Files\dotnet\;C:\WINDOWS\System32\OpenSSH\;C:\Program Files\TortoiseSVN\bin;C:\Program Files\Microsoft VS Code\bin;D:\Go\bin;D:\tool\protoc-3.6.1-win32\bin;C:\Program Files\Git\cmd;E:\tool\apache-maven-3.6.0\bin;C:\Program Files\Microsoft\Web Platform Installer\;C:\Program Files (x86)\Microsoft ASP.NET\ASP.NET Web Pages\v1.0\;C:\Program Files\Microsoft SQL Server\110\Tools\Binn\;C:\WINDOWS\system32\config\systemprofile\.dnx\bin;C:\Program Files\Microsoft DNX\Dnvm\;C:\Program Files\Microsoft SQL Server\120\Tools\Binn\;C:\Users\wz\AppData\Local\Microsoft\WindowsApps;C:\Users\wz\AppData\Local\Microsoft\WindowsApps;C:\Program Files\Microsoft VS Code\bin;C:\Users\wz\go\bin;;C:\Program Files\JetBrains\IntelliJ IDEA 2018.3\bin;;D:\Program Files\JetBrains\DataGrip 2018.3\bin;;.]
2019-08-15 18:15:09.967 febs [localhost-startStop-1] INFO  o.a.c.c.C.[Tomcat].[localhost].[/] - Initializing Spring embedded WebApplicationContext
2019-08-15 18:15:09.967 febs [localhost-startStop-1] INFO  o.s.web.context.ContextLoader - Root WebApplicationContext: initialization completed in 2954 ms
2019-08-15 18:15:10.282 febs [localhost-startStop-1] INFO  o.s.b.w.s.ServletRegistrationBean - Servlet dispatcherServlet mapped to [/]
2019-08-15 18:15:10.286 febs [localhost-startStop-1] INFO  o.s.b.w.s.FilterRegistrationBean - Mapping filter: 'characterEncodingFilter' to: [/*]
2019-08-15 18:15:10.287 febs [localhost-startStop-1] INFO  o.s.b.w.s.FilterRegistrationBean - Mapping filter: 'hiddenHttpMethodFilter' to: [/*]
2019-08-15 18:15:10.287 febs [localhost-startStop-1] INFO  o.s.b.w.s.FilterRegistrationBean - Mapping filter: 'httpPutFormContentFilter' to: [/*]
2019-08-15 18:15:10.287 febs [localhost-startStop-1] INFO  o.s.b.w.s.FilterRegistrationBean - Mapping filter: 'requestContextFilter' to: [/*]
2019-08-15 18:15:10.287 febs [localhost-startStop-1] INFO  o.s.b.w.s.FilterRegistrationBean - Mapping filter: 'shiroFilter' to: [/*]
2019-08-15 18:15:10.472 febs [restartedMain] INFO  o.s.w.s.h.SimpleUrlHandlerMapping - Mapped URL path [/**/favicon.ico] onto handler of type [class org.springframework.web.servlet.resource.ResourceHttpRequestHandler]
2019-08-15 18:15:10.896 febs [restartedMain] INFO  o.s.w.s.m.m.a.RequestMappingHandlerAdapter - Looking for @ControllerAdvice: org.springframework.boot.web.servlet.context.AnnotationConfigServletWebServerApplicationContext@7e95069f: startup date [Thu Aug 15 18:15:07 CST 2019]; root of context hierarchy
2019-08-15 18:15:11.021 febs [restartedMain] INFO  o.s.w.s.m.m.a.RequestMappingHandlerMapping - Mapped "{[/login],methods=[POST]}" onto public java.lang.String com.example.demo.controller.LoginController.index(com.example.demo.pojo.User,javax.servlet.http.HttpServletRequest)
2019-08-15 18:15:11.021 febs [restartedMain] INFO  o.s.w.s.m.m.a.RequestMappingHandlerMapping - Mapped "{[/]}" onto public java.lang.String com.example.demo.controller.LoginController.index()
2019-08-15 18:15:11.022 febs [restartedMain] INFO  o.s.w.s.m.m.a.RequestMappingHandlerMapping - Mapped "{[/login],methods=[GET]}" onto public java.lang.String com.example.demo.controller.LoginController.login()
2019-08-15 18:15:11.024 febs [restartedMain] INFO  o.s.w.s.m.m.a.RequestMappingHandlerMapping - Mapped "{[/error]}" onto public org.springframework.http.ResponseEntity<java.util.Map<java.lang.String, java.lang.Object>> org.springframework.boot.autoconfigure.web.servlet.error.BasicErrorController.error(javax.servlet.http.HttpServletRequest)
2019-08-15 18:15:11.024 febs [restartedMain] INFO  o.s.w.s.m.m.a.RequestMappingHandlerMapping - Mapped "{[/error],produces=[text/html]}" onto public org.springframework.web.servlet.ModelAndView org.springframework.boot.autoconfigure.web.servlet.error.BasicErrorController.errorHtml(javax.servlet.http.HttpServletRequest,javax.servlet.http.HttpServletResponse)
2019-08-15 18:15:11.138 febs [restartedMain] INFO  o.s.w.s.h.SimpleUrlHandlerMapping - Mapped URL path [/webjars/**] onto handler of type [class org.springframework.web.servlet.resource.ResourceHttpRequestHandler]
2019-08-15 18:15:11.138 febs [restartedMain] INFO  o.s.w.s.h.SimpleUrlHandlerMapping - Mapped URL path [/**] onto handler of type [class org.springframework.web.servlet.resource.ResourceHttpRequestHandler]
2019-08-15 18:15:11.376 febs [restartedMain] INFO  o.s.b.a.w.s.WelcomePageHandlerMapping - Adding welcome page template: index
2019-08-15 18:15:11.650 febs [restartedMain] INFO  o.s.b.d.a.OptionalLiveReloadServer - LiveReload server is running on port 35729
2019-08-15 18:15:11.679 febs [restartedMain] INFO  o.s.j.e.a.AnnotationMBeanExporter - Registering beans for JMX exposure on startup
2019-08-15 18:15:11.693 febs [restartedMain] INFO  o.a.coyote.http11.Http11NioProtocol - Starting ProtocolHandler ["http-nio-8081"]
2019-08-15 18:15:11.704 febs [restartedMain] INFO  o.a.tomcat.util.net.NioSelectorPool - Using a shared selector for servlet write/read
2019-08-15 18:15:11.719 febs [restartedMain] INFO  o.s.b.w.e.tomcat.TomcatWebServer - Tomcat started on port(s): 8081 (http) with context path ''
2019-08-15 18:15:11.723 febs [restartedMain] INFO  com.example.demo.Application - Started Application in 5.263 seconds (JVM running for 8.057)
